Build started 13/04/2017 18:31:34.
     1>Project "C:\Users\Lander\OneDrive\Work\Year 3\Graphics\CW2\krt17base_v2\Project1\Project1.vcxproj" on node 2 (Build target(s)).
     1>ClCompile:
         C:\Program Files (x86)\Microsoft Visual Studio 14.0\VC\bin\CL.exe /c /ZI /nologo /W3 /WX- /sdl /Od /Oy- /D _MBCS /Gm /EHsc /RTC1 /MDd /GS /fp:precise /Zc:wchar_t /Zc:forScope /Zc:inline /Fo"Debug\\" /Fd"Debug\vc140.pdb" /Gd /TP /analyze- /errorReport:prompt ..\raytrace.cpp
         raytrace.cpp
       Link:
         C:\Program Files (x86)\Microsoft Visual Studio 14.0\VC\bin\link.exe /ERRORREPORT:PROMPT /OUT:"C:\Users\Lander\OneDrive\Work\Year 3\Graphics\CW2\krt17base_v2\Project1\Debug\Project1.exe" /INCREMENTAL /NOLOGO kernel32.lib user32.lib gdi32.lib winspool.lib comdlg32.lib advapi32.lib shell32.lib ole32.lib oleaut32.lib uuid.lib odbc32.lib odbccp32.lib /MANIFEST /MANIFESTUAC:"level='asInvoker' uiAccess='false'" /manifest:embed /Debug /PDB:"C:\Users\Lander\OneDrive\Work\Year 3\Graphics\CW2\krt17base_v2\Project1\Debug\Project1.pdb" /TLBID:1 /DYNAMICBASE /NXCOMPAT /IMPLIB:"C:\Users\Lander\OneDrive\Work\Year 3\Graphics\CW2\krt17base_v2\Project1\Debug\Project1.lib" /MACHINE:X86 Debug\camera.obj
         Debug\colour.obj
         Debug\directional_light.obj
         Debug\hit.obj
         Debug\light.obj
         Debug\material.obj
         Debug\object.obj
         Debug\plane.obj
         Debug\point_light.obj
         Debug\Quadratic.obj
         Debug\ray.obj
         Debug\raytrace.obj
         Debug\scene.obj
         Debug\sphere.obj
         Debug\triangle.obj
         Debug\vector.obj
         Debug\vertex.obj
         Project1.vcxproj -> C:\Users\Lander\OneDrive\Work\Year 3\Graphics\CW2\krt17base_v2\Project1\Debug\Project1.exe
     1>Done Building Project "C:\Users\Lander\OneDrive\Work\Year 3\Graphics\CW2\krt17base_v2\Project1\Project1.vcxproj" (Build target(s)).

Build succeeded.

Time Elapsed 00:00:03.11
